#
# There is insufficient memory for the Java Runtime Environment to continue.
# Native memory allocation (malloc) failed to allocate 1048576 bytes for AllocateHeap
# Possible reasons:
#   The system is out of physical RAM or swap space
#   The process is running with CompressedOops enabled, and the Java Heap may be blocking the growth of the native heap
# Possible solutions:
#   Reduce memory load on the system
#   Increase physical memory or swap space
#   Check if swap backing store is full
#   Decrease Java heap size (-Xmx/-Xms)
#   Decrease number of Java threads
#   Decrease Java thread stack sizes (-Xss)
#   Set larger code cache with -XX:ReservedCodeCacheSize=
#   JVM is running with Unscaled Compressed Oops mode in which the Java heap is
#     placed in the first 4GB address space. The Java Heap base address is the
#     maximum limit for the native heap growth. Please use -XX:HeapBaseMinAddress
#     to set the Java Heap base and to place the Java Heap above 4GB virtual address.
# This output file may be truncated or incomplete.
#
#  Out of Memory Error (allocation.cpp:44), pid=4680, tid=1080
#
# JRE version: OpenJDK Runtime Environment Temurin-17.0.9+9 (17.0.9+9) (build 17.0.9+9)
# Java VM: OpenJDK 64-Bit Server VM Temurin-17.0.9+9 (17.0.9+9, mixed mode, emulated-client, tiered, compressed oops, compressed class ptrs, g1 gc, windows-amd64)
# No core dump will be written. Minidumps are not enabled by default on client versions of Windows
#

---------------  S U M M A R Y ------------

Command Line: -XX:+HeapDumpOnOutOfMemoryError -Xmx1024m -Dsts.lsp.client=vscode -Dsts.log.file=/dev/null -XX:TieredStopAtLevel=1 -Xlog:jni+resolve=off -Dspring.config.location=file:c:\Users\INDRI MELANI PUTRI\.vscode\extensions\vmware.vscode-spring-boot-1.51.0\language-server\BOOT-INF\classes\application.properties org.springframework.ide.vscode.boot.app.BootLanguageServerBootApp

Host: Intel(R) Celeron(R) CPU  N3050  @ 1.60GHz, 2 cores, 1G,  Windows 10 , 64 bit Build 14393 (10.0.14393.0)
Time: Thu Dec  7 22:17:43 2023 SE Asia Standard Time elapsed time: 6497.321082 seconds (0d 1h 48m 17s)

---------------  T H R E A D  ---------------

Current thread (0x00000146d1a41040):  VMThread "VM Thread" [stack: 0x0000000604800000,0x0000000604900000] [id=1080]

Stack: [0x0000000604800000,0x0000000604900000]
Native frames: (J=compiled Java code, j=interpreted, Vv=VM code, C=native code)
V  [jvm.dll+0x67cf49]
V  [jvm.dll+0x83478a]
V  [jvm.dll+0x83624e]
V  [jvm.dll+0x8368b3]
V  [jvm.dll+0x247f1f]
V  [jvm.dll+0xa6b4b]
V  [jvm.dll+0x2f8e73]
V  [jvm.dll+0x2f4af0]
V  [jvm.dll+0x2dd0d7]
V  [jvm.dll+0x320357]
V  [jvm.dll+0x83adab]
V  [jvm.dll+0x83baf1]
V  [jvm.dll+0x83c00d]
V  [jvm.dll+0x83c3e4]
V  [jvm.dll+0x83c4b0]
V  [jvm.dll+0x7e3c3a]
V  [jvm.dll+0x67be35]
C  [ucrtbase.dll+0x1cab0]
C  [KERNEL32.DLL+0x8364]
C  [ntdll.dll+0x65e91]

VM_Operation (0x0000000605ffef20): G1CollectFull, mode: safepoint, requested by thread 0x00000146d7354930


---------------  P R O C E S S  ---------------

Threads class SMR info:
_java_thread_list=0x00000146d85455e0, length=21, elements={
0x00000146d1a44730, 0x00000146d1a452c0, 0x00000146d1a80410, 0x00000146d1a80fa0,
0x00000146d1a82de0, 0x00000146d1a836b0, 0x00000146d1a83f80, 0x00000146d1a85450,
0x00000146d1d8d7e0, 0x00000146d1d925c0, 0x00000146d7354450, 0x00000146d7354930,
0x00000146d72f99b0, 0x00000146c7943f50, 0x00000146d6629fc0, 0x00000146d61094c0,
0x00000146d76a7fe0, 0x00000146d76a3e10, 0x00000146d76a2ee0, 0x00000146d76a33f0,
0x00000146d76a6ba0
}

Java Threads: ( => current thread )
  0x00000146d1a44730 JavaThread "Reference Handler" daemon [_thread_blocked, id=5380, stack(0x0000000604900000,0x0000000604a00000)]
  0x00000146d1a452c0 JavaThread "Finalizer" daemon [_thread_blocked, id=10924, stack(0x0000000604a00000,0x0000000604b00000)]
  0x00000146d1a80410 JavaThread "Signal Dispatcher" daemon [_thread_blocked, id=5516, stack(0x0000000604b00000,0x0000000604c00000)]
  0x00000146d1a80fa0 JavaThread "Attach Listener" daemon [_thread_blocked, id=6280, stack(0x0000000604c00000,0x0000000604d00000)]
  0x00000146d1a82de0 JavaThread "Service Thread" daemon [_thread_blocked, id=7704, stack(0x0000000604d00000,0x0000000604e00000)]
  0x00000146d1a836b0 JavaThread "Monitor Deflation Thread" daemon [_thread_blocked, id=2596, stack(0x0000000604e00000,0x0000000604f00000)]
  0x00000146d1a83f80 JavaThread "C1 CompilerThread0" daemon [_thread_blocked, id=3060, stack(0x0000000604f00000,0x0000000605000000)]
  0x00000146d1a85450 JavaThread "Sweeper thread" daemon [_thread_blocked, id=3020, stack(0x0000000605000000,0x0000000605100000)]
  0x00000146d1d8d7e0 JavaThread "Notification Thread" daemon [_thread_blocked, id=7872, stack(0x0000000605200000,0x0000000605300000)]
  0x00000146d1d925c0 JavaThread "Common-Cleaner" daemon [_thread_blocked, id=2352, stack(0x0000000605400000,0x0000000605500000)]
  0x00000146d7354450 JavaThread "boundedElastic-evictor-1" daemon [_thread_blocked, id=7732, stack(0x0000000605e00000,0x0000000605f00000)]
  0x00000146d7354930 JavaThread "pool-12-thread-1" [_thread_blocked, id=7348, stack(0x0000000605f00000,0x0000000606000000)]
  0x00000146d72f99b0 JavaThread "LanguageServerApp-lifecycle" [_thread_blocked, id=6524, stack(0x0000000606000000,0x0000000606100000)]
  0x00000146c7943f50 JavaThread "DestroyJavaVM" [_thread_blocked, id=9188, stack(0x0000000604200000,0x0000000604300000)]
  0x00000146d6629fc0 JavaThread "pool-13-thread-1" [_thread_in_native, id=11896, stack(0x0000000606100000,0x0000000606200000)]
  0x00000146d61094c0 JavaThread "Simple-Language-Server main thread" daemon [_thread_blocked, id=1848, stack(0x0000000606200000,0x0000000606300000)]
  0x00000146d76a7fe0 JavaThread "pool-8-thread-1" [_thread_blocked, id=11592, stack(0x0000000607100000,0x0000000607200000)]
  0x00000146d76a3e10 JavaThread "parallel-1" daemon [_thread_blocked, id=11796, stack(0x0000000607200000,0x0000000607300000)]
  0x00000146d76a2ee0 JavaThread "pool-6-thread-1" [_thread_blocked, id=10024, stack(0x0000000607300000,0x0000000607400000)]
  0x00000146d76a33f0 JavaThread "parallel-2" daemon [_thread_blocked, id=11540, stack(0x0000000607400000,0x0000000607500000)]
  0x00000146d76a6ba0 JavaThread "Reconciler-1" daemon [_thread_blocked, id=11612, stack(0x0000000607500000,0x0000000607600000)]

Other Threads:
=>0x00000146d1a41040 VMThread "VM Thread" [stack: 0x0000000604800000,0x0000000604900000] [id=1080]
  0x00000146d1d8dcc0 WatcherThread [stack: 0x0000000605300000,0x0000000605400000] [id=5744]
  0x00000146c7981ea0 GCTaskThread "GC Thread#0" [stack: 0x0000000604300000,0x0000000604400000] [id=4408]
  0x00000146d1d41bd0 GCTaskThread "GC Thread#1" [stack: 0x0000000605600000,0x0000000605700000] [id=7328]
  0x00000146c798adf0 ConcurrentGCThread "G1 Main Marker" [stack: 0x0000000604400000,0x0000000604500000] [id=8688]
  0x00000146c798b880 ConcurrentGCThread "G1 Conc#0" [stack: 0x0000000604500000,0x0000000604600000] [id=1824]
  0x00000146c79abda0 ConcurrentGCThread "G1 Refine#0" [stack: 0x0000000604600000,0x0000000604700000] [id=2996]
  0x00000146c79ac840 ConcurrentGCThread "G1 Service" [stack: 0x0000000604700000,0x0000000604800000] [id=8008]

Threads with active compile tasks:

VM state: at safepoint (normal execution)

VM Mutex/Monitor currently owned by a thread:  ([mutex/lock_event])
[0x00000146c584c480] Threads_lock - owner thread: 0x00000146d1a41040
[0x00000146c5848160] Heap_lock - owner thread: 0x00000146d7354930

Heap address: 0x00000000c0000000, size: 1024 MB, Compressed Oops mode: 32-bit

CDS archive(s) not mapped
Compressed class space mapped at: 0x0000000100000000-0x0000000140000000, reserved size: 1073741824
Narrow klass base: 0x0000000000000000, Narrow klass shift: 3, Narrow klass range: 0x140000000

GC Precious Log:
 CPUs: 2 total, 2 available
 Memory: 1905M
 Large Page Support: Disabled
 NUMA Support: Disabled
 Compressed Oops: Enabled (32-bit)
 Heap Region Size: 1M
 Heap Min Capacity: 8M
 Heap Initial Capacity: 30M
 Heap Max Capacity: 1G
 Pre-touch: Disabled
 Parallel Workers: 2
 Concurrent Workers: 1
 Concurrent Refinement Workers: 2
 Periodic GC: Disabled

Heap:
 garbage-first heap   total 116736K, used 34479K [0x00000000c0000000, 0x0000000100000000)
  region size 1024K, 1 young (1024K), 0 survivors (0K)
 Metaspace       used 57065K, committed 57600K, reserved 1114112K
  class space    used 7067K, committed 7296K, reserved 1048576K

Heap Regions: E=young(eden), S=young(survivor), O=old, HS=humongous(starts), HC=humongous(continues), CS=collection set, F=free, OA=open archive, CA=closed archive, TAMS=top-at-mark-start (previous, next)
|   0|0x00000000c0000000, 0x00000000c00ffff8, 0x00000000c0100000| 99%| O|  |TAMS 0x00000000c00ffff8, 0x00000000c0000000| Untracked 
|   1|0x00000000c0100000, 0x00000000c01ffb88, 0x00000000c0200000| 99%| O|  |TAMS 0x00000000c01ffb88, 0x00000000c0100000| Untracked 
|   2|0x00000000c0200000, 0x00000000c0300000, 0x00000000c0300000|100%| O|  |TAMS 0x00000000c0300000, 0x00000000c0200000| Untracked 
|   3|0x00000000c0300000, 0x00000000c03ffff8, 0x00000000c0400000| 99%| O|  |TAMS 0x00000000c03ffff8, 0x00000000c0300000| Untracked 
|   4|0x00000000c0400000, 0x00000000c0500000, 0x00000000c0500000|100%|HS|  |TAMS 0x00000000c0500000, 0x00000000c0400000| Untracked 
|   5|0x00000000c0500000, 0x00000000c0600000, 0x00000000c0600000|100%|HC|  |TAMS 0x00000000c0600000, 0x00000000c0500000| Untracked 
|   6|0x00000000c0600000, 0x00000000c0700000, 0x00000000c0700000|100%|HC|  |TAMS 0x00000000c0700000, 0x00000000c0600000| Untracked 
|   7|0x00000000c0700000, 0x00000000c0800000, 0x00000000c0800000|100%|HC|  |TAMS 0x00000000c0800000, 0x00000000c0700000| Untracked 
|   8|0x00000000c0800000, 0x00000000c0900000, 0x00000000c0900000|100%| O|  |TAMS 0x00000000c0900000, 0x00000000c0800000| Untracked 
|   9|0x00000000c0900000, 0x00000000c09ff820, 0x00000000c0a00000| 99%| O|  |TAMS 0x00000000c09ff820, 0x00000000c0900000| Untracked 
|  10|0x00000000c0a00000, 0x00000000c0afab88, 0x00000000c0b00000| 97%| O|  |TAMS 0x00000000c0afab88, 0x00000000c0a00000| Untracked 
|  11|0x00000000c0b00000, 0x00000000c0c00000, 0x00000000c0c00000|100%| O|  |TAMS 0x00000000c0c00000, 0x00000000c0b00000| Untracked 
|  12|0x00000000c0c00000, 0x00000000c0cfffe8, 0x00000000c0d00000| 99%| O|  |TAMS 0x00000000c0cfffe8, 0x00000000c0c00000| Untracked 
|  13|0x00000000c0d00000, 0x00000000c0dfffe8, 0x00000000c0e00000| 99%| O|  |TAMS 0x00000000c0dfffe8, 0x00000000c0d00000| Untracked 
|  14|0x00000000c0e00000, 0x00000000c0effff8, 0x00000000c0f00000| 99%| O|  |TAMS 0x00000000c0effff8, 0x00000000c0e00000| Untracked 
|  15|0x00000000c0f00000, 0x00000000c0ffffe8, 0x00000000c1000000| 99%| O|  |TAMS 0x00000000c0ffffe8, 0x00000000c0f00000| Untracked 
|  16|0x00000000c1000000, 0x00000000c10fff90, 0x00000000c1100000| 99%| O|  |TAMS 0x00000000c10fff90, 0x00000000c1000000| Untracked 
|  17|0x00000000c1100000, 0x00000000c11ff5e8, 0x00000000c1200000| 99%| O|  |TAMS 0x00000000c11ff5e8, 0x00000000c1100000| Untracked 
|  18|0x00000000c1200000, 0x00000000c12ffff8, 0x00000000c1300000| 99%| O|  |TAMS 0x00000000c12ffff8, 0x00000000c1200000| Untracked 
|  19|0x00000000c1300000, 0x00000000c13ffff8, 0x00000000c1400000| 99%| O|  |TAMS 0x00000000c13ffff8, 0x00000000c1300000| Untracked 
|  20|0x00000000c1400000, 0x00000000c14fffd0, 0x00000000c1500000| 99%| O|  |TAMS 0x00000000c14fffd0, 0x00000000c1400000| Untracked 
|  21|0x00000000c1500000, 0x00000000c1600000, 0x00000000c1600000|100%| O|  |TAMS 0x00000000c1600000, 0x00000000c1500000| Untracked 
|  22|0x00000000c1600000, 0x00000000c1700000, 0x00000000c1700000|100%|HS|  |TAMS 0x00000000c1700000, 0x00000000c1600000| Untracked 
|  23|0x00000000c1700000, 0x00000000c1800000, 0x00000000c1800000|100%| O|  |TAMS 0x00000000c1800000, 0x00000000c1700000| Untracked 
|  24|0x00000000c1800000, 0x00000000c18ffff0, 0x00000000c1900000| 99%| O|  |TAMS 0x00000000c18ffff0, 0x00000000c1800000| Untracked 
|  25|0x00000000c1900000, 0x00000000c19ced68, 0x00000000c1a00000| 80%| O|  |TAMS 0x00000000c1900000, 0x00000000c1900000| Untracked 
|  26|0x00000000c1a00000, 0x00000000c1b00000, 0x00000000c1b00000|100%| O|  |TAMS 0x00000000c1b00000, 0x00000000c1a00000| Untracked 
|  27|0x00000000c1b00000, 0x00000000c1bf9b38, 0x00000000c1c00000| 97%| O|  |TAMS 0x00000000c1bf9b38, 0x00000000c1b00000| Untracked 
|  28|0x00000000c1c00000, 0x00000000c1cea478, 0x00000000c1d00000| 91%| O|  |TAMS 0x00000000c1c00000, 0x00000000c1c00000| Untracked 
|  29|0x00000000c1d00000, 0x00000000c1e00000, 0x00000000c1e00000|100%| O|  |TAMS 0x00000000c1e00000, 0x00000000c1d00000| Untracked 
|  30|0x00000000c1e00000, 0x00000000c1effd88, 0x00000000c1f00000| 99%| O|  |TAMS 0x00000000c1effd88, 0x00000000c1e00000| Untracked 
|  31|0x00000000c1f00000, 0x00000000c2000000, 0x00000000c2000000|100%|HS|  |TAMS 0x00000000c2000000, 0x00000000c1f00000| Untracked 
|  32|0x00000000c2000000, 0x00000000c2100000, 0x00000000c2100000|100%|HC|  |TAMS 0x00000000c2100000, 0x00000000c2000000| Untracked 
|  33|0x00000000c2100000, 0x00000000c2100000, 0x00000000c2200000|  0%| F|  |TAMS 0x00000000c2100000, 0x00000000c2100000| Untracked 
|  34|0x00000000c2200000, 0x00000000c2200000, 0x00000000c2300000|  0%| F|  |TAMS 0x00000000c2200000, 0x00000000c2200000| Untracked 
|  35|0x00000000c2300000, 0x00000000c2300000, 0x00000000c2400000|  0%| F|  |TAMS 0x00000000c2300000, 0x00000000c2300000| Untracked 
|  36|0x00000000c2400000, 0x00000000c2400000, 0x00000000c2500000|  0%| F|  |TAMS 0x00000000c2400000, 0x00000000c2400000| Untracked 
|  37|0x00000000c2500000, 0x00000000c25fffe0, 0x00000000c2600000| 99%| O|  |TAMS 0x00000000c25fffe0, 0x00000000c2500000| Untracked 
|  38|0x00000000c2600000, 0x00000000c2600000, 0x00000000c2700000|  0%| F|  |TAMS 0x00000000c2600000, 0x00000000c2600000| Untracked 
|  39|0x00000000c2700000, 0x00000000c2700000, 0x00000000c2800000|  0%| F|  |TAMS 0x00000000c2700000, 0x00000000c2700000| Untracked 
|  40|0x00000000c2800000, 0x00000000c2800000, 0x00000000c2900000|  0%| F|  |TAMS 0x00000000c2800000, 0x00000000c2800000| Untracked 
|  41|0x00000000c2900000, 0x00000000c2900000, 0x00000000c2a00000|  0%| F|  |TAMS 0x00000000c2900000, 0x00000000c2900000| Untracked 
|  42|0x00000000c2a00000, 0x00000000c2a00000, 0x00000000c2b00000|  0%| F|  |TAMS 0x00000000c2a00000, 0x00000000c2a00000| Untracked 
|  43|0x00000000c2b00000, 0x00000000c2b00000, 0x00000000c2c00000|  0%| F|  |TAMS 0x00000000c2b00000, 0x00000000c2b00000| Untracked 
|  44|0x00000000c2c00000, 0x00000000c2c00000, 0x00000000c2d00000|  0%| F|  |TAMS 0x00000000c2c00000, 0x00000000c2c00000| Untracked 
|  45|0x00000000c2d00000, 0x00000000c2d00000, 0x00000000c2e00000|  0%| F|  |TAMS 0x00000000c2d00000, 0x00000000c2d00000| Untracked 
|  46|0x00000000c2e00000, 0x00000000c2e00000, 0x00000000c2f00000|  0%| F|  |TAMS 0x00000000c2e00000, 0x00000000c2e00000| Untracked 
|  47|0x00000000c2f00000, 0x00000000c2f00000, 0x00000000c3000000|  0%| F|  |TAMS 0x00000000c2f00000, 0x00000000c2f00000| Untracked 
|  48|0x00000000c3000000, 0x00000000c3000000, 0x00000000c3100000|  0%| F|  |TAMS 0x00000000c3000000, 0x00000000c3000000| Untracked 
|  49|0x00000000c3100000, 0x00000000c3100000, 0x00000000c3200000|  0%| F|  |TAMS 0x00000000c3100000, 0x00000000c3100000| Untracked 
|  50|0x00000000c3200000, 0x00000000c3200000, 0x00000000c3300000|  0%| F|  |TAMS 0x00000000c3200000, 0x00000000c3200000| Untracked 
|  51|0x00000000c3300000, 0x00000000c3300000, 0x00000000c3400000|  0%| F|  |TAMS 0x00000000c3300000, 0x00000000c3300000| Untracked 
|  52|0x00000000c3400000, 0x00000000c3400000, 0x00000000c3500000|  0%| F|  |TAMS 0x00000000c3400000, 0x00000000c3400000| Untracked 
|  53|0x00000000c3500000, 0x00000000c3500000, 0x00000000c3600000|  0%| F|  |TAMS 0x00000000c3500000, 0x00000000c3500000| Untracked 
|  54|0x00000000c3600000, 0x00000000c3600000, 0x00000000c3700000|  0%| F|  |TAMS 0x00000000c3600000, 0x00000000c3600000| Untracked 
|  55|0x00000000c3700000, 0x00000000c3700000, 0x00000000c3800000|  0%| F|  |TAMS 0x00000000c3700000, 0x00000000c3700000| Untracked 
|  56|0x00000000c3800000, 0x00000000c3800000, 0x00000000c3900000|  0%| F|  |TAMS 0x00000000c3800000, 0x00000000c3800000| Untracked 
|  57|0x00000000c3900000, 0x00000000c3900000, 0x00000000c3a00000|  0%| F|  |TAMS 0x00000000c3900000, 0x00000000c3900000| Untracked 
|  58|0x00000000c3a00000, 0x00000000c3a00000, 0x00000000c3b00000|  0%| F|  |TAMS 0x00000000c3a00000, 0x00000000c3a00000| Untracked 
|  59|0x00000000c3b00000, 0x00000000c3b00000, 0x00000000c3c00000|  0%| F|  |TAMS 0x00000000c3b00000, 0x00000000c3b00000| Untracked 
|  60|0x00000000c3c00000, 0x00000000c3c00000, 0x00000000c3d00000|  0%| F|  |TAMS 0x00000000c3c00000, 0x00000000c3c00000| Untracked 
|  61|0x00000000c3d00000, 0x00000000c3d00000, 0x00000000c3e00000|  0%| F|  |TAMS 0x00000000c3d00000, 0x00000000c3d00000| Untracked 
|  62|0x00000000c3e00000, 0x00000000c3e00000, 0x00000000c3f00000|  0%| F|  |TAMS 0x00000000c3e00000, 0x00000000c3e00000| Untracked 
|  63|0x00000000c3f00000, 0x00000000c3f00000, 0x00000000c4000000|  0%| F|  |TAMS 0x00000000c3f00000, 0x00000000c3f00000| Untracked 
|  64|0x00000000c4000000, 0x00000000c4000000, 0x00000000c4100000|  0%| F|  |TAMS 0x00000000c4000000, 0x00000000c4000000| Untracked 
|  65|0x00000000c4100000, 0x00000000c4100000, 0x00000000c4200000|  0%| F|  |TAMS 0x00000000c4100000, 0x00000000c4100000| Untracked 
|  66|0x00000000c4200000, 0x00000000c4200000, 0x00000000c4300000|  0%| F|  |TAMS 0x00000000c4200000, 0x00000000c4200000| Untracked 
|  67|0x00000000c4300000, 0x00000000c4300000, 0x00000000c4400000|  0%| F|  |TAMS 0x00000000c4300000, 0x00000000c4300000| Untracked 
|  68|0x00000000c4400000, 0x00000000c4400000, 0x00000000c4500000|  0%| F|  |TAMS 0x00000000c4400000, 0x00000000c4400000| Untracked 
|  69|0x00000000c4500000, 0x00000000c4500000, 0x00000000c4600000|  0%| F|  |TAMS 0x00000000c4500000, 0x00000000c4500000| Untracked 
|  70|0x00000000c4600000, 0x00000000c4600000, 0x00000000c4700000|  0%| F|  |TAMS 0x00000000c4600000, 0x00000000c4600000| Untracked 
|  71|0x00000000c4700000, 0x00000000c4700000, 0x00000000c4800000|  0%| F|  |TAMS 0x00000000c4700000, 0x00000000c4700000| Untracked 
|  72|0x00000000c4800000, 0x00000000c4800000, 0x00000000c4900000|  0%| F|  |TAMS 0x00000000c4800000, 0x00000000c4800000| Untracked 
|  73|0x00000000c4900000, 0x00000000c4900000, 0x00000000c4a00000|  0%| F|  |TAMS 0x00000000c4900000, 0x00000000c4900000| Untracked 
|  74|0x00000000c4a00000, 0x00000000c4a00000, 0x00000000c4b00000|  0%| F|  |TAMS 0x00000000c4a00000, 0x00000000c4a00000| Untracked 
|  75|0x00000000c4b00000, 0x00000000c4b00000, 0x00000000c4c00000|  0%| F|  |TAMS 0x00000000c4b00000, 0x00000000c4b00000| Untracked 
|  76|0x00000000c4c00000, 0x00000000c4c00000, 0x00000000c4d00000|  0%| F|  |TAMS 0x00000000c4c00000, 0x00000000c4c00000| Untracked 
|  77|0x00000000c4d00000, 0x00000000c4d00000, 0x00000000c4e00000|  0%| F|  |TAMS 0x00000000c4d00000, 0x00000000c4d00000| Untracked 
|  78|0x00000000c4e00000, 0x00000000c4e00000, 0x00000000c4f00000|  0%| F|  |TAMS 0x00000000c4e00000, 0x00000000c4e00000| Untracked 
|  79|0x00000000c4f00000, 0x00000000c4f00000, 0x00000000c5000000|  0%| F|  |TAMS 0x00000000c4f00000, 0x00000000c4f00000| Untracked 
|  80|0x00000000c5000000, 0x00000000c5000000, 0x00000000c5100000|  0%| F|  |TAMS 0x00000000c5000000, 0x00000000c5000000| Untracked 
|  81|0x00000000c5100000, 0x00000000c5100000, 0x00000000c5200000|  0%| F|  |TAMS 0x00000000c5100000, 0x00000000c5100000| Untracked 
|  82|0x00000000c5200000, 0x00000000c5200000, 0x00000000c5300000|  0%| F|  |TAMS 0x00000000c5200000, 0x00000000c5200000| Untracked 
|  83|0x00000000c5300000, 0x00000000c5300000, 0x00000000c5400000|  0%| F|  |TAMS 0x00000000c5300000, 0x00000000c5300000| Untracked 
|  84|0x00000000c5400000, 0x00000000c5400000, 0x00000000c5500000|  0%| F|  |TAMS 0x00000000c5400000, 0x00000000c5400000| Untracked 
|  85|0x00000000c5500000, 0x00000000c5500000, 0x00000000c5600000|  0%| F|  |TAMS 0x00000000c5500000, 0x00000000c5500000| Untracked 
|  86|0x00000000c5600000, 0x00000000c5600000, 0x00000000c5700000|  0%| F|  |TAMS 0x00000000c5600000, 0x00000000c5600000| Untracked 
|  87|0x00000000c5700000, 0x00000000c5700000, 0x00000000c5800000|  0%| F|  |TAMS 0x00000000c5700000, 0x00000000c5700000| Untracked 
|  88|0x00000000c5800000, 0x00000000c5800000, 0x00000000c5900000|  0%| F|  |TAMS 0x00000000c5800000, 0x00000000c5800000| Untracked 
|  89|0x00000000c5900000, 0x00000000c5900000, 0x00000000c5a00000|  0%| F|  |TAMS 0x00000000c5900000, 0x00000000c5900000| Untracked 
|  90|0x00000000c5a00000, 0x00000000c5a00000, 0x00000000c5b00000|  0%| F|  |TAMS 0x00000000c5a00000, 0x00000000c5a00000| Untracked 
|  91|0x00000000c5b00000, 0x00000000c5b00000, 0x00000000c5c00000|  0%| F|  |TAMS 0x00000000c5b00000, 0x00000000c5b00000| Untracked 
|  92|0x00000000c5c00000, 0x00000000c5c00000, 0x00000000c5d00000|  0%| F|  |TAMS 0x00000000c5c00000, 0x00000000c5c00000| Untracked 
|  93|0x00000000c5d00000, 0x00000000c5d00000, 0x00000000c5e00000|  0%| F|  |TAMS 0x00000000c5d00000, 0x00000000c5d00000| Untracked 
|  94|0x00000000c5e00000, 0x00000000c5e00000, 0x00000000c5f00000|  0%| F|  |TAMS 0x00000000c5e00000, 0x00000000c5e00000| Untracked 
|  95|0x00000000c5f00000, 0x00000000c5f00000, 0x00000000c6000000|  0%| F|  |TAMS 0x00000000c5f00000, 0x00000000c5f00000| Untracked 
|  96|0x00000000c6000000, 0x00000000c6000000, 0x00000000c6100000|  0%| F|  |TAMS 0x00000000c6000000, 0x00000000c6000000| Untracked 
|  97|0x00000000c6100000, 0x00000000c6100000, 0x00000000c6200000|  0%| F|  |TAMS 0x00000000c6100000, 0x00000000c6100000| Untracked 
|  98|0x00000000c6200000, 0x00000000c6200000, 0x00000000c6300000|  0%| F|  |TAMS 0x00000000c6200000, 0x00000000c6200000| Untracked 
|  99|0x00000000c6300000, 0x00000000c6300000, 0x00000000c6400000|  0%| F|  |TAMS 0x00000000c6300000, 0x00000000c6300000| Untracked 
| 100|0x00000000c6400000, 0x00000000c6400000, 0x00000000c6500000|  0%| F|  |TAMS 0x00000000c6400000, 0x00000000c6400000| Untracked 
| 101|0x00000000c6500000, 0x00000000c6500000, 0x00000000c6600000|  0%| F|  |TAMS 0x00000000c6500000, 0x00000000c6500000| Untracked 
| 102|0x00000000c6600000, 0x00000000c6600000, 0x00000000c6700000|  0%| F|  |TAMS 0x00000000c6600000, 0x00000000c6600000| Untracked 
| 103|0x00000000c6700000, 0x00000000c6700000, 0x00000000c6800000|  0%| F|  |TAMS 0x00000000c6700000, 0x00000000c6700000| Untracked 
| 104|0x00000000c6800000, 0x00000000c6800000, 0x00000000c6900000|  0%| F|  |TAMS 0x00000000c6800000, 0x00000000c6800000| Untracked 
| 105|0x00000000c6900000, 0x00000000c6900000, 0x00000000c6a00000|  0%| F|  |TAMS 0x00000000c6900000, 0x00000000c6900000| Untracked 
| 106|0x00000000c6a00000, 0x00000000c6a00000, 0x00000000c6b00000|  0%| F|  |TAMS 0x00000000c6a00000, 0x00000000c6a00000| Untracked 
| 107|0x00000000c6b00000, 0x00000000c6b00000, 0x00000000c6c00000|  0%| F|  |TAMS 0x00000000c6b00000, 0x00000000c6b00000| Untracked 
| 108|0x00000000c6c00000, 0x00000000c6c00000, 0x00000000c6d00000|  0%| F|  |TAMS 0x00000000c6c00000, 0x00000000c6c00000| Untracked 
| 109|0x00000000c6d00000, 0x00000000c6d00000, 0x00000000c6e00000|  0%| F|  |TAMS 0x00000000c6d00000, 0x00000000c6d00000| Untracked 
| 110|0x00000000c6e00000, 0x00000000c6e00000, 0x00000000c6f00000|  0%| F|  |TAMS 0x00000000c6e00000, 0x00000000c6e00000| Untracked 
| 111|0x00000000c6f00000, 0x00000000c6f00000, 0x00000000c7000000|  0%| F|  |TAMS 0x00000000c6f00000, 0x00000000c6f00000| Untracked 
| 112|0x00000000c7000000, 0x00000000c7000000, 0x00000000c7100000|  0%| F|  |TAMS 0x00000000c7000000, 0x00000000c7000000| Untracked 
| 113|0x00000000c7100000, 0x00000000c7124330, 0x00000000c7200000| 14%| E|  |TAMS 0x00000000c7100000, 0x00000000c7100000| Complete 

Card table byte_map: [0x00000146c7580000,0x00000146c7780000] _byte_map_base: 0x00000146c6f80000

Marking Bits (Prev, Next): (CMBitMap*) 0x00000146c79824c0, (CMBitMap*) 0x00000146c7982500
 Prev Bits: [0x00000146cd7e0000, 0x00000146ce7e0000)
 Next Bits: [0x00000146ce7e0000, 0x00000146cf7e0000)

Polling page: 0x00000146c57c0000

Metaspace:

Usage:
  Non-class:     48.83 MB used.
      Class:      6.90 MB used.
       Both:     55.73 MB used.

Virtual space:
  Non-class space:       64.00 MB reserved,      49.13 MB ( 77%) committed,  1 nodes.
      Class space:        1.00 GB reserved,       7.13 MB ( <1%) committed,  1 nodes.
             Both:        1.06 GB reserved,      56.25 MB (  5%) committed. 

Chunk freelists:
   Non-Class:  14.75 MB
       Class:  8.87 MB
        Both:  23.62 MB

MaxMetaspaceSize: unlimited
CompressedClassSpaceSize: 1.00 GB
Initial GC threshold: 21.00 MB
Current GC threshold: 93.75 MB
CDS: off
MetaspaceReclaimPolicy: balanced
 - commit_granule_bytes: 65536.
 - commit_granule_words: 8192.
 - virtual_space_node_default_size: 8388608.
 - enlarge_chunks_in_place: 1.
 - new_chunks_are_fully_committed: 0.
 - uncommit_free_chunks: 1.
 - use_allocation_guard: 0.
 - handle_deallocations: 1.


Internal statistics:

num_allocs_failed_limit: 0.
num_arena_births: 778.
num_arena_deaths: 350.
num_vsnodes_births: 2.
num_vsnodes_deaths: 0.
num_space_committed: 900.
num_space_uncommitted: 0.
num_chunks_returned_to_freelist: 400.
num_chunks_taken_from_freelist: 2689.
num_chunk_merges: 140.
num_chunk_splits: 1791.
num_chunks_enlarged: 1335.
num_inconsistent_stats: 0.

CodeCache: size=49152Kb used=11919Kb max_used=12467Kb free=37232Kb
 bounds [0x00000146ca5e0000, 0x00000146cb270000, 0x00000146cd5e0000]
 total_blobs=7002 nmethods=6335 adapters=595
 compilation: enabled
              stopped_count=0, restarted_count=0
 full_count=0

Compilation events (20 events):
Event: 3408.950 Thread 0x00000146d1a83f80 6354       1       java.lang.ProcessImpl::lambda$new$0 (6 bytes)
Event: 3408.950 Thread 0x00000146d1a83f80 nmethod 6354 0x00000146cade1410 code [0x00000146cade15a0, 0x00000146cade1668]
Event: 4028.464 Thread 0x00000146d1a83f80 6356       1       java.time.Clock$SystemClock::millis (4 bytes)
Event: 4028.465 Thread 0x00000146d1a83f80 nmethod 6356 0x00000146cade1110 code [0x00000146cade12a0, 0x00000146cade1378]
Event: 4038.524 Thread 0x00000146d1a83f80 6357       1       reactor.core.scheduler.BoundedElasticScheduler$$Lambda$637/0x00000001004b0820::run (8 bytes)
Event: 4038.581 Thread 0x00000146d1a83f80 nmethod 6357 0x00000146cade0e10 code [0x00000146cade0fa0, 0x00000146cade1088]
Event: 4881.611 Thread 0x00000146d1a83f80 6359   !   1       org.springframework.ide.vscode.commons.languageserver.util.ParentProcessWatcher::parentProcessStillRunning (413 bytes)
Event: 4882.236 Thread 0x00000146d1a83f80 nmethod 6359 0x00000146caddb410 code [0x00000146caddbc40, 0x00000146caddee08]
Event: 4945.672 Thread 0x00000146d1a83f80 6364       1       java.lang.ProcessBuilder::environment (147 bytes)
Event: 4946.001 Thread 0x00000146d1a83f80 nmethod 6364 0x00000146cadd9f10 code [0x00000146cadda160, 0x00000146cadda6a8]
Event: 4946.191 Thread 0x00000146d1a83f80 6365   !   1       java.lang.ProcessImpl::start (733 bytes)
Event: 4946.475 Thread 0x00000146d1a83f80 nmethod 6365 0x00000146cadd4710 code [0x00000146cadd4ce0, 0x00000146cadd7c38]
Event: 5318.495 Thread 0x00000146d1a83f80 6377       1       java.util.concurrent.ConcurrentLinkedDeque::toArray (6 bytes)
Event: 5318.495 Thread 0x00000146d1a83f80 nmethod 6377 0x00000146cadd4410 code [0x00000146cadd45a0, 0x00000146cadd4688]
Event: 6404.817 Thread 0x00000146d1a83f80 6378   !   1       java.io.FileOutputStream::close (69 bytes)
Event: 6405.380 Thread 0x00000146d1a83f80 nmethod 6378 0x00000146cadd3d90 code [0x00000146cadd3f60, 0x00000146cadd42d8]
Event: 6470.147 Thread 0x00000146d1a83f80 6381   !   1       java.lang.ProcessImpl::<init> (327 bytes)
Event: 6472.049 Thread 0x00000146d1a83f80 nmethod 6381 0x00000146cadd1210 code [0x00000146cadd1660, 0x00000146cadd2a18]
Event: 6473.734 Thread 0x00000146d1a83f80 6393   !   1       java.io.FilterOutputStream::close (183 bytes)
Event: 6473.899 Thread 0x00000146d1a83f80 nmethod 6393 0x00000146cadd0890 code [0x00000146cadd0aa0, 0x00000146cadd0f78]

GC Heap History (20 events):
Event: 6383.725 GC heap before
{Heap before GC invocations=563 (full 503):
 garbage-first heap   total 116736K, used 34479K [0x00000000c0000000, 0x0000000100000000)
  region size 1024K, 1 young (1024K), 0 survivors (0K)
 Metaspace       used 57065K, committed 57600K, reserved 1114112K
  class space    used 7067K, committed 7296K, reserved 1048576K
}
Event: 6383.801 GC heap after
{Heap after GC invocations=564 (full 504):
 garbage-first heap   total 116736K, used 34479K [0x00000000c0000000, 0x0000000100000000)
  region size 1024K, 0 young (0K), 0 survivors (0K)
 Metaspace       used 57065K, committed 57600K, reserved 1114112K
  class space    used 7067K, committed 7296K, reserved 1048576K
}
Event: 6394.278 GC heap before
{Heap before GC invocations=564 (full 504):
 garbage-first heap   total 116736K, used 34479K [0x00000000c0000000, 0x0000000100000000)
  region size 1024K, 1 young (1024K), 0 survivors (0K)
 Metaspace       used 57065K, committed 57600K, reserved 1114112K
  class space    used 7067K, committed 7296K, reserved 1048576K
}
Event: 6394.355 GC heap after
{Heap after GC invocations=565 (full 505):
 garbage-first heap   total 116736K, used 34479K [0x00000000c0000000, 0x0000000100000000)
  region size 1024K, 0 young (0K), 0 survivors (0K)
 Metaspace       used 57065K, committed 57600K, reserved 1114112K
  class space    used 7067K, committed 7296K, reserved 1048576K
}
Event: 6404.823 GC heap before
{Heap before GC invocations=565 (full 505):
 garbage-first heap   total 116736K, used 34479K [0x00000000c0000000, 0x0000000100000000)
  region size 1024K, 1 young (1024K), 0 survivors (0K)
 Metaspace       used 57065K, committed 57600K, reserved 1114112K
  class space    used 7067K, committed 7296K, reserved 1048576K
}
Event: 6404.900 GC heap after
{Heap after GC invocations=566 (full 506):
 garbage-first heap   total 116736K, used 34479K [0x00000000c0000000, 0x0000000100000000)
  region size 1024K, 0 young (0K), 0 survivors (0K)
 Metaspace       used 57065K, committed 57600K, reserved 1114112K
  class space    used 7067K, committed 7296K, reserved 1048576K
}
Event: 6415.359 GC heap before
{Heap before GC invocations=566 (full 506):
 garbage-first heap   total 116736K, used 34479K [0x00000000c0000000, 0x0000000100000000)
  region size 1024K, 1 young (1024K), 0 survivors (0K)
 Metaspace       used 57065K, committed 57600K, reserved 1114112K
  class space    used 7067K, committed 7296K, reserved 1048576K
}
Event: 6415.436 GC heap after
{Heap after GC invocations=567 (full 507):
 garbage-first heap   total 116736K, used 34479K [0x00000000c0000000, 0x0000000100000000)
  region size 1024K, 0 young (0K), 0 survivors (0K)
 Metaspace       used 57065K, committed 57600K, reserved 1114112K
  class space    used 7067K, committed 7296K, reserved 1048576K
}
Event: 6425.892 GC heap before
{Heap before GC invocations=567 (full 507):
 garbage-first heap   total 116736K, used 34479K [0x00000000c0000000, 0x0000000100000000)
  region size 1024K, 1 young (1024K), 0 survivors (0K)
 Metaspace       used 57065K, committed 57600K, reserved 1114112K
  class space    used 7067K, committed 7296K, reserved 1048576K
}
Event: 6425.969 GC heap after
{Heap after GC invocations=568 (full 508):
 garbage-first heap   total 116736K, used 34479K [0x00000000c0000000, 0x0000000100000000)
  region size 1024K, 0 young (0K), 0 survivors (0K)
 Metaspace       used 57065K, committed 57600K, reserved 1114112K
  class space    used 7067K, committed 7296K, reserved 1048576K
}
Event: 6436.397 GC heap before
{Heap before GC invocations=568 (full 508):
 garbage-first heap   total 116736K, used 34479K [0x00000000c0000000, 0x0000000100000000)
  region size 1024K, 1 young (1024K), 0 survivors (0K)
 Metaspace       used 57065K, committed 57600K, reserved 1114112K
  class space    used 7067K, committed 7296K, reserved 1048576K
}
Event: 6436.475 GC heap after
{Heap after GC invocations=569 (full 509):
 garbage-first heap   total 116736K, used 34479K [0x00000000c0000000, 0x0000000100000000)
  region size 1024K, 0 young (0K), 0 survivors (0K)
 Metaspace       used 57065K, committed 57600K, reserved 1114112K
  class space    used 7067K, committed 7296K, reserved 1048576K
}
Event: 6446.955 GC heap before
{Heap before GC invocations=569 (full 509):
 garbage-first heap   total 116736K, used 34479K [0x00000000c0000000, 0x0000000100000000)
  region size 1024K, 1 young (1024K), 0 survivors (0K)
 Metaspace       used 57065K, committed 57600K, reserved 1114112K
  class space    used 7067K, committed 7296K, reserved 1048576K
}
Event: 6447.032 GC heap after
{Heap after GC invocations=570 (full 510):
 garbage-first heap   total 116736K, used 34479K [0x00000000c0000000, 0x0000000100000000)
  region size 1024K, 0 young (0K), 0 survivors (0K)
 Metaspace       used 57065K, committed 57600K, reserved 1114112K
  class space    used 7067K, committed 7296K, reserved 1048576K
}
Event: 6459.980 GC heap before
{Heap before GC invocations=570 (full 510):
 garbage-first heap   total 116736K, used 34479K [0x00000000c0000000, 0x0000000100000000)
  region size 1024K, 1 young (1024K), 0 survivors (0K)
 Metaspace       used 57065K, committed 57600K, reserved 1114112K
  class space    used 7067K, committed 7296K, reserved 1048576K
}
Event: 6460.058 GC heap after
{Heap after GC invocations=571 (full 511):
 garbage-first heap   total 116736K, used 34479K [0x00000000c0000000, 0x0000000100000000)
  region size 1024K, 0 young (0K), 0 survivors (0K)
 Metaspace       used 57065K, committed 57600K, reserved 1114112K
  class space    used 7067K, committed 7296K, reserved 1048576K
}
Event: 6473.797 GC heap before
{Heap before GC invocations=571 (full 511):
 garbage-first heap   total 116736K, used 34479K [0x00000000c0000000, 0x0000000100000000)
  region size 1024K, 1 young (1024K), 0 survivors (0K)
 Metaspace       used 57065K, committed 57600K, reserved 1114112K
  class space    used 7067K, committed 7296K, reserved 1048576K
}
Event: 6473.884 GC heap after
{Heap after GC invocations=572 (full 512):
 garbage-first heap   total 116736K, used 34479K [0x00000000c0000000, 0x0000000100000000)
  region size 1024K, 0 young (0K), 0 survivors (0K)
 Metaspace       used 57065K, committed 57600K, reserved 1114112K
  class space    used 7067K, committed 7296K, reserved 1048576K
}
Event: 6486.208 GC heap before
{Heap before GC invocations=572 (full 512):
 garbage-first heap   total 116736K, used 34479K [0x00000000c0000000, 0x0000000100000000)
  region size 1024K, 1 young (1024K), 0 survivors (0K)
 Metaspace       used 57065K, committed 57600K, reserved 1114112K
  class space    used 7067K, committed 7296K, reserved 1048576K
}
Event: 6486.378 GC heap after
{Heap after GC invocations=573 (full 513):
 garbage-first heap   total 116736K, used 34479K [0x00000000c0000000, 0x0000000100000000)
  region size 1024K, 0 young (0K), 0 survivors (0K)
 Metaspace       used 57065K, committed 57600K, reserved 1114112K
  class space    used 7067K, committed 7296K, reserved 1048576K
}

Dll operation events (9 events):
Event: 5.147 Loaded shared library c:\Users\INDRI MELANI PUTRI\.vscode\extensions\redhat.java-1.25.0-win32-x64\jre\17.0.9-win32-x86_64\bin\java.dll
Event: 12.232 Loaded shared library C:\Users\INDRI MELANI PUTRI\.vscode\extensions\redhat.java-1.25.0-win32-x64\jre\17.0.9-win32-x86_64\bin\net.dll
Event: 12.495 Loaded shared library C:\Users\INDRI MELANI PUTRI\.vscode\extensions\redhat.java-1.25.0-win32-x64\jre\17.0.9-win32-x86_64\bin\nio.dll
Event: 15.943 Loaded shared library C:\Users\INDRI MELANI PUTRI\.vscode\extensions\redhat.java-1.25.0-win32-x64\jre\17.0.9-win32-x86_64\bin\zip.dll
Event: 99.673 Loaded shared library C:\Users\INDRI MELANI PUTRI\.vscode\extensions\redhat.java-1.25.0-win32-x64\jre\17.0.9-win32-x86_64\bin\jimage.dll
Event: 177.774 Loaded shared library c:\Users\INDRI MELANI PUTRI\.vscode\extensions\redhat.java-1.25.0-win32-x64\jre\17.0.9-win32-x86_64\bin\verify.dll
Event: 200.507 Loaded shared library C:\Users\INDRI MELANI PUTRI\.vscode\extensions\redhat.java-1.25.0-win32-x64\jre\17.0.9-win32-x86_64\bin\management.dll
Event: 200.974 Loaded shared library C:\Users\INDRI MELANI PUTRI\.vscode\extensions\redhat.java-1.25.0-win32-x64\jre\17.0.9-win32-x86_64\bin\management_ext.dll
Event: 213.994 Loaded shared library C:\Users\INDRI MELANI PUTRI\.vscode\extensions\redhat.java-1.25.0-win32-x64\jre\17.0.9-win32-x86_64\bin\sunmscapi.dll

Deoptimization events (20 events):
Event: 204.211 Thread 0x00000146d6629fc0 DEOPT PACKING pc=0x00000146ca9f5a01 sp=0x00000006061fe050
Event: 204.211 Thread 0x00000146d6629fc0 DEOPT UNPACKING pc=0x00000146ca637124 sp=0x00000006061fd4e0 mode 3
Event: 204.781 Thread 0x00000146d61094c0 DEOPT PACKING pc=0x00000146ca9dae97 sp=0x00000006062ff2f0
Event: 204.781 Thread 0x00000146d61094c0 DEOPT UNPACKING pc=0x00000146ca637124 sp=0x00000006062fe748 mode 3
Event: 216.429 Thread 0x00000146d76a24c0 DEOPT PACKING pc=0x00000146ca72978c sp=0x00000006077fabb0
Event: 216.430 Thread 0x00000146d76a24c0 DEOPT UNPACKING pc=0x00000146ca637124 sp=0x00000006077fa078 mode 0
Event: 221.040 Thread 0x00000146d76a5760 DEOPT PACKING pc=0x00000146cae85d6e sp=0x00000006078fd1a0
Event: 221.040 Thread 0x00000146d76a5760 DEOPT UNPACKING pc=0x00000146ca637124 sp=0x00000006078fc698 mode 3
Event: 226.204 Thread 0x00000146d76a2ee0 DEOPT PACKING pc=0x00000146cafce7cf sp=0x00000006073fe240
Event: 226.204 Thread 0x00000146d76a2ee0 DEOPT UNPACKING pc=0x00000146ca637124 sp=0x00000006073fd730 mode 3
Event: 226.944 Thread 0x00000146d76a2ee0 DEOPT PACKING pc=0x00000146cafee18c sp=0x00000006073fe340
Event: 226.944 Thread 0x00000146d76a2ee0 DEOPT UNPACKING pc=0x00000146ca637124 sp=0x00000006073fd8c0 mode 0
Event: 226.944 Thread 0x00000146d76a2ee0 DEOPT PACKING pc=0x00000146cafee18c sp=0x00000006073fe5a0
Event: 226.944 Thread 0x00000146d76a2ee0 DEOPT UNPACKING pc=0x00000146ca637124 sp=0x00000006073fdb20 mode 0
Event: 227.208 Thread 0x00000146d76a2ee0 DEOPT PACKING pc=0x00000146cafee18c sp=0x00000006073fe9f0
Event: 227.208 Thread 0x00000146d76a2ee0 DEOPT UNPACKING pc=0x00000146ca637124 sp=0x00000006073fdf70 mode 0
Event: 231.904 Thread 0x00000146d76a2ee0 DEOPT PACKING pc=0x00000146ca9ab8d2 sp=0x00000006073fe2a0
Event: 231.904 Thread 0x00000146d76a2ee0 DEOPT UNPACKING pc=0x00000146ca637124 sp=0x00000006073fd7a8 mode 3
Event: 231.905 Thread 0x00000146d76a2ee0 DEOPT PACKING pc=0x00000146ca9a8945 sp=0x00000006073fe260
Event: 231.905 Thread 0x00000146d76a2ee0 DEOPT UNPACKING pc=0x00000146ca637124 sp=0x00000006073fd7a8 mode 3

Classes unloaded (20 events):
Event: 330.934 Thread 0x00000146d1a41040 Unloading class 0x00000001006da400 'java/lang/invoke/LambdaForm$MH+0x00000001006da400'
Event: 330.934 Thread 0x00000146d1a41040 Unloading class 0x00000001006da000 'java/lang/invoke/LambdaForm$MH+0x00000001006da000'
Event: 330.934 Thread 0x00000146d1a41040 Unloading class 0x00000001006d9c00 'java/lang/invoke/LambdaForm$MH+0x00000001006d9c00'
Event: 330.934 Thread 0x00000146d1a41040 Unloading class 0x00000001006d9400 'java/lang/invoke/LambdaForm$MH+0x00000001006d9400'
Event: 330.934 Thread 0x00000146d1a41040 Unloading class 0x00000001006d9000 'java/lang/invoke/LambdaForm$MH+0x00000001006d9000'
Event: 330.934 Thread 0x00000146d1a41040 Unloading class 0x00000001006d8c00 'java/lang/invoke/LambdaForm$MH+0x00000001006d8c00'
Event: 330.934 Thread 0x00000146d1a41040 Unloading class 0x00000001006d8800 'java/lang/invoke/LambdaForm$MH+0x00000001006d8800'
Event: 330.934 Thread 0x00000146d1a41040 Unloading class 0x00000001006d8400 'java/lang/invoke/LambdaForm$MH+0x00000001006d8400'
Event: 330.934 Thread 0x00000146d1a41040 Unloading class 0x00000001006d8000 'java/lang/invoke/LambdaForm$MH+0x00000001006d8000'
Event: 330.934 Thread 0x00000146d1a41040 Unloading class 0x00000001005ad000 'jdk/internal/reflect/GeneratedConstructorAccessor22'
Event: 330.934 Thread 0x00000146d1a41040 Unloading class 0x00000001005acc00 'jdk/internal/reflect/GeneratedConstructorAccessor21'
Event: 330.934 Thread 0x00000146d1a41040 Unloading class 0x00000001005ac800 'jdk/internal/reflect/GeneratedConstructorAccessor20'
Event: 330.935 Thread 0x00000146d1a41040 Unloading class 0x00000001005ac400 'jdk/internal/reflect/GeneratedConstructorAccessor19'
Event: 330.935 Thread 0x00000146d1a41040 Unloading class 0x00000001004f4c00 'java/lang/invoke/LambdaForm$MH+0x00000001004f4c00'
Event: 330.935 Thread 0x00000146d1a41040 Unloading class 0x00000001004f4800 'java/lang/invoke/LambdaForm$MH+0x00000001004f4800'
Event: 330.935 Thread 0x00000146d1a41040 Unloading class 0x00000001004f4400 'java/lang/invoke/LambdaForm$MH+0x00000001004f4400'
Event: 330.935 Thread 0x00000146d1a41040 Unloading class 0x00000001004c1000 'java/lang/invoke/LambdaForm$MH+0x00000001004c1000'
Event: 330.935 Thread 0x00000146d1a41040 Unloading class 0x00000001004c0c00 'java/lang/invoke/LambdaForm$MH+0x00000001004c0c00'
Event: 330.935 Thread 0x00000146d1a41040 Unloading class 0x00000001004c0800 'java/lang/invoke/LambdaForm$MH+0x00000001004c0800'
Event: 330.935 Thread 0x00000146d1a41040 Unloading class 0x00000001004c0400 'java/lang/invoke/LambdaForm$MH+0x00000001004c0400'

Classes redefined (0 events):
No events

Internal exceptions (20 events):
Event: 227.589 Thread 0x00000146d76a2ee0 Exception <a 'sun/nio/fs/WindowsException'{0x00000000c610d858}> (0x00000000c610d858) 
thrown [s\src\hotspot\share\prims\jni.cpp, line 516]
Event: 227.589 Thread 0x00000146d76a2ee0 Exception <a 'sun/nio/fs/WindowsException'{0x00000000c610e358}> (0x00000000c610e358) 
thrown [s\src\hotspot\share\prims\jni.cpp, line 516]
Event: 227.897 Thread 0x00000146d76a2ee0 Exception <a 'sun/nio/fs/WindowsException'{0x00000000c6146ac8}> (0x00000000c6146ac8) 
thrown [s\src\hotspot\share\prims\jni.cpp, line 516]
Event: 232.987 Thread 0x00000146d76a2ee0 Exception <a 'sun/nio/fs/WindowsException'{0x00000000c6b88a60}> (0x00000000c6b88a60) 
thrown [s\src\hotspot\share\prims\jni.cpp, line 516]
Event: 232.987 Thread 0x00000146d76a2ee0 Exception <a 'sun/nio/fs/WindowsException'{0x00000000c6b89498}> (0x00000000c6b89498) 
thrown [s\src\hotspot\share\prims\jni.cpp, line 516]
Event: 232.988 Thread 0x00000146d76a2ee0 Exception <a 'sun/nio/fs/WindowsException'{0x00000000c6b89e80}> (0x00000000c6b89e80) 
thrown [s\src\hotspot\share\prims\jni.cpp, line 516]
Event: 232.988 Thread 0x00000146d76a2ee0 Exception <a 'sun/nio/fs/WindowsException'{0x00000000c6b8a8b8}> (0x00000000c6b8a8b8) 
thrown [s\src\hotspot\share\prims\jni.cpp, line 516]
Event: 232.988 Thread 0x00000146d76a2ee0 Exception <a 'sun/nio/fs/WindowsException'{0x00000000c6b8b438}> (0x00000000c6b8b438) 
thrown [s\src\hotspot\share\prims\jni.cpp, line 516]
Event: 232.988 Thread 0x00000146d76a2ee0 Exception <a 'sun/nio/fs/WindowsException'{0x00000000c6b8bf38}> (0x00000000c6b8bf38) 
thrown [s\src\hotspot\share\prims\jni.cpp, line 516]
Event: 232.991 Thread 0x00000146d76a2ee0 Exception <a 'sun/nio/fs/WindowsException'{0x00000000c6b8d490}> (0x00000000c6b8d490) 
thrown [s\src\hotspot\share\prims\jni.cpp, line 516]
Event: 232.991 Thread 0x00000146d76a2ee0 Exception <a 'sun/nio/fs/WindowsException'{0x00000000c6b8dec8}> (0x00000000c6b8dec8) 
thrown [s\src\hotspot\share\prims\jni.cpp, line 516]
Event: 232.991 Thread 0x00000146d76a2ee0 Exception <a 'sun/nio/fs/WindowsException'{0x00000000c6b8e8b0}> (0x00000000c6b8e8b0) 
thrown [s\src\hotspot\share\prims\jni.cpp, line 516]
Event: 232.991 Thread 0x00000146d76a2ee0 Exception <a 'sun/nio/fs/WindowsException'{0x00000000c6b8f2e8}> (0x00000000c6b8f2e8) 
thrown [s\src\hotspot\share\prims\jni.cpp, line 516]
Event: 232.991 Thread 0x00000146d76a2ee0 Exception <a 'sun/nio/fs/WindowsException'{0x00000000c6b8fe68}> (0x00000000c6b8fe68) 
thrown [s\src\hotspot\share\prims\jni.cpp, line 516]
Event: 232.992 Thread 0x00000146d76a2ee0 Exception <a 'sun/nio/fs/WindowsException'{0x00000000c6b90968}> (0x00000000c6b90968) 
thrown [s\src\hotspot\share\prims\jni.cpp, line 516]
Event: 270.849 Thread 0x00000146d7354930 Exception <a 'java/lang/NoSuchMethodError'{0x00000000c7a9ec50}: 'void java.lang.invoke.DirectMethodHandle$Holder.invokeStatic(java.lang.Object, long)'> (0x00000000c7a9ec50) 
thrown [s\src\hotspot\share\interpreter\linkResolver.cpp, line 759]
Event: 270.850 Thread 0x00000146d7354930 Exception <a 'java/lang/NoSuchMethodError'{0x00000000c7aa4000}: 'java.lang.Object java.lang.invoke.DirectMethodHandle$Holder.newInvokeSpecial(java.lang.Object, long)'> (0x00000000c7aa4000) 
thrown [s\src\hotspot\share\interpreter\linkResolver.cpp, line 759]
Event: 526.362 Thread 0x00000146d76a84f0 Exception <a 'java/io/IOException'{0x00000000c77aef88}> (0x00000000c77aef88) 
thrown [s\src\hotspot\share\prims\jni.cpp, line 516]
Event: 527.717 Thread 0x00000146d76a4d40 Exception <a 'java/io/IOException'{0x00000000c77d8e28}> (0x00000000c77d8e28) 
thrown [s\src\hotspot\share\prims\jni.cpp, line 516]
Event: 531.351 Thread 0x00000146d76a3900 Exception <a 'java/io/IOException'{0x00000000c7600868}> (0x00000000c7600868) 
thrown [s\src\hotspot\share\prims\jni.cpp, line 516]

VM Operations (20 events):
Event: 6383.802 Executing VM operation: G1CollectFull done
Event: 6394.278 Executing VM operation: G1CollectFull
Event: 6394.356 Executing VM operation: G1CollectFull done
Event: 6404.789 Executing VM operation: G1CollectFull
Event: 6404.900 Executing VM operation: G1CollectFull done
Event: 6415.359 Executing VM operation: G1CollectFull
Event: 6415.436 Executing VM operation: G1CollectFull done
Event: 6425.892 Executing VM operation: G1CollectFull
Event: 6425.970 Executing VM operation: G1CollectFull done
Event: 6436.397 Executing VM operation: G1CollectFull
Event: 6436.475 Executing VM operation: G1CollectFull done
Event: 6446.955 Executing VM operation: G1CollectFull
Event: 6447.032 Executing VM operation: G1CollectFull done
Event: 6459.980 Executing VM operation: G1CollectFull
Event: 6460.058 Executing VM operation: G1CollectFull done
Event: 6473.735 Executing VM operation: G1CollectFull
Event: 6473.884 Executing VM operation: G1CollectFull done
Event: 6486.208 Executing VM operation: G1CollectFull
Event: 6486.378 Executing VM operation: G1CollectFull done
Event: 6496.800 Executing VM operation: G1CollectFull

Events (20 events):
Event: 526.263 loading class sun/nio/ch/OptionKey done
Event: 526.263 loading class sun/nio/ch/ExtendedSocketOption
Event: 526.263 loading class sun/nio/ch/ExtendedSocketOption done
Event: 526.263 loading class sun/nio/ch/ExtendedSocketOption$1
Event: 526.263 loading class sun/nio/ch/ExtendedSocketOption$1 done
Event: 526.288 loading class sun/security/ssl/Alert
Event: 526.288 loading class sun/security/ssl/Alert done
Event: 526.289 loading class sun/security/ssl/Alert$AlertConsumer
Event: 526.289 loading class sun/security/ssl/Alert$AlertConsumer done
Event: 526.289 loading class sun/security/ssl/Alert$Level
Event: 526.289 loading class sun/security/ssl/Alert$Level done
Event: 526.362 loading class sun/net/ConnectionResetException
Event: 526.362 loading class sun/net/ConnectionResetException done
Event: 586.307 Thread 0x00000146d76a4830 Thread exited: 0x00000146d76a4830
Event: 587.728 Thread 0x00000146d76a4d40 Thread exited: 0x00000146d76a4d40
Event: 587.729 Thread 0x00000146d76a29d0 Thread exited: 0x00000146d76a29d0
Event: 591.354 Thread 0x00000146d76a3900 Thread exited: 0x00000146d76a3900
Event: 591.354 Thread 0x00000146d76a84f0 Thread exited: 0x00000146d76a84f0
Event: 4946.171 Thread 0x00000146d7597430 Thread added: 0x00000146d7597430
Event: 4951.423 Thread 0x00000146d7597430 Thread exited: 0x00000146d7597430


Dynamic libraries:
0x00007ff65a0d0000 - 0x00007ff65a0de000 	c:\Users\INDRI MELANI PUTRI\.vscode\extensions\redhat.java-1.25.0-win32-x64\jre\17.0.9-win32-x86_64\bin\java.exe
0x00007ff9aec60000 - 0x00007ff9aee31000 	C:\Windows\SYSTEM32\ntdll.dll
0x00007ff9ac730000 - 0x00007ff9ac7db000 	C:\Windows\System32\KERNEL32.DLL
0x00007ff9ab580000 - 0x00007ff9ab79d000 	C:\Windows\System32\KERNELBASE.dll
0x00007ff9ab1f0000 - 0x00007ff9ab2e5000 	C:\Windows\System32\ucrtbase.dll
0x00007ff9a7300000 - 0x00007ff9a7317000 	c:\Users\INDRI MELANI PUTRI\.vscode\extensions\redhat.java-1.25.0-win32-x64\jre\17.0.9-win32-x86_64\bin\jli.dll
0x00007ff9a0fc0000 - 0x00007ff9a0fdb000 	c:\Users\INDRI MELANI PUTRI\.vscode\extensions\redhat.java-1.25.0-win32-x64\jre\17.0.9-win32-x86_64\bin\VCRUNTIME140.dll
0x00007ff9ac1f0000 - 0x00007ff9ac355000 	C:\Windows\System32\USER32.dll
0x00007ff9ac1d0000 - 0x00007ff9ac1ee000 	C:\Windows\System32\win32u.dll
0x00007ff9aca30000 - 0x00007ff9aca64000 	C:\Windows\System32\GDI32.dll
0x00007ff9ab2f0000 - 0x00007ff9ab472000 	C:\Windows\System32\gdi32full.dll
0x00007ff9a0a40000 - 0x00007ff9a0cb9000 	C:\Windows\WinSxS\amd64_microsoft.windows.common-controls_6595b64144ccf1df_6.0.14393.0_none_2d0f50fcbdb171b8\COMCTL32.dll
0x00007ff9ae370000 - 0x00007ff9ae40e000 	C:\Windows\System32\msvcrt.dll
0x00007ff9ae930000 - 0x00007ff9aebf7000 	C:\Windows\System32\combase.dll
0x00007ff9ac360000 - 0x00007ff9ac481000 	C:\Windows\System32\RPCRT4.dll
0x00007ff9ac0b0000 - 0x00007ff9ac11a000 	C:\Windows\System32\bcryptPrimitives.dll
0x00007ff9ae4d0000 - 0x00007ff9ae4fe000 	C:\Windows\System32\IMM32.DLL
0x00007ff9a7610000 - 0x00007ff9a761c000 	c:\Users\INDRI MELANI PUTRI\.vscode\extensions\redhat.java-1.25.0-win32-x64\jre\17.0.9-win32-x86_64\bin\vcruntime140_1.dll
0x00007ff9889e0000 - 0x00007ff988a6d000 	c:\Users\INDRI MELANI PUTRI\.vscode\extensions\redhat.java-1.25.0-win32-x64\jre\17.0.9-win32-x86_64\bin\msvcp140.dll
0x00007ff97f4e0000 - 0x00007ff980141000 	c:\Users\INDRI MELANI PUTRI\.vscode\extensions\redhat.java-1.25.0-win32-x64\jre\17.0.9-win32-x86_64\bin\server\jvm.dll
0x00007ff9ae220000 - 0x00007ff9ae2c2000 	C:\Windows\System32\ADVAPI32.dll
0x00007ff9accb0000 - 0x00007ff9acd09000 	C:\Windows\System32\sechost.dll
0x00007ff9ab160000 - 0x00007ff9ab1ac000 	C:\Windows\System32\POWRPROF.dll
0x00007ff9a3c30000 - 0x00007ff9a3c39000 	C:\Windows\SYSTEM32\WSOCK32.dll
0x00007ff9ae2f0000 - 0x00007ff9ae35a000 	C:\Windows\System32\WS2_32.dll
0x00007ff9a95c0000 - 0x00007ff9a95e3000 	C:\Windows\SYSTEM32\WINMM.dll
0x00007ff9a0cd0000 - 0x00007ff9a0cda000 	C:\Windows\SYSTEM32\VERSION.dll
0x00007ff9a9590000 - 0x00007ff9a95bb000 	C:\Windows\SYSTEM32\WINMMBASE.dll
0x00007ff9ab530000 - 0x00007ff9ab572000 	C:\Windows\System32\cfgmgr32.dll
0x00007ff9ab1e0000 - 0x00007ff9ab1ef000 	C:\Windows\System32\kernel.appcore.dll
0x00007ff9a72d0000 - 0x00007ff9a72da000 	c:\Users\INDRI MELANI PUTRI\.vscode\extensions\redhat.java-1.25.0-win32-x64\jre\17.0.9-win32-x86_64\bin\jimage.dll
0x00007ff9a8670000 - 0x00007ff9a8802000 	C:\Windows\SYSTEM32\DBGHELP.DLL
0x00007ff99bda0000 - 0x00007ff99bdc9000 	C:\Windows\SYSTEM32\dbgcore.DLL
0x00007ff9898a0000 - 0x00007ff9898c5000 	c:\Users\INDRI MELANI PUTRI\.vscode\extensions\redhat.java-1.25.0-win32-x64\jre\17.0.9-win32-x86_64\bin\java.dll
0x00007ff99fe80000 - 0x00007ff99fe98000 	c:\Users\INDRI MELANI PUTRI\.vscode\extensions\redhat.java-1.25.0-win32-x64\jre\17.0.9-win32-x86_64\bin\zip.dll
0x00007ff9acd10000 - 0x00007ff9ae218000 	C:\Windows\System32\SHELL32.dll
0x00007ff9ab7a0000 - 0x00007ff9abe7a000 	C:\Windows\System32\windows.storage.dll
0x00007ff9aec00000 - 0x00007ff9aec52000 	C:\Windows\System32\shlwapi.dll
0x00007ff9ab480000 - 0x00007ff9ab529000 	C:\Windows\System32\shcore.dll
0x00007ff9ab1b0000 - 0x00007ff9ab1c4000 	C:\Windows\System32\profapi.dll
0x00007ff9a96f0000 - 0x00007ff9a9709000 	C:\Users\INDRI MELANI PUTRI\.vscode\extensions\redhat.java-1.25.0-win32-x64\jre\17.0.9-win32-x86_64\bin\net.dll
0x00007ff9a0db0000 - 0x00007ff9a0e7c000 	C:\Windows\SYSTEM32\WINHTTP.dll
0x00007ff9aaa30000 - 0x00007ff9aaa8c000 	C:\Windows\system32\mswsock.dll
0x00007ff999900000 - 0x00007ff999916000 	C:\Users\INDRI MELANI PUTRI\.vscode\extensions\redhat.java-1.25.0-win32-x64\jre\17.0.9-win32-x86_64\bin\nio.dll
0x00007ff9aabd0000 - 0x00007ff9aabe7000 	C:\Windows\SYSTEM32\CRYPTSP.dll
0x00007ff9aa640000 - 0x00007ff9aa673000 	C:\Windows\system32\rsaenh.dll
0x00007ff9ab0a0000 - 0x00007ff9ab0cb000 	C:\Windows\SYSTEM32\bcrypt.dll
0x00007ff9aa8c0000 - 0x00007ff9aa8df000 	C:\Windows\SYSTEM32\USERENV.dll
0x00007ff9ab090000 - 0x00007ff9ab09b000 	C:\Windows\SYSTEM32\CRYPTBASE.dll
0x00007ff9aa7c0000 - 0x00007ff9aa7f8000 	C:\Windows\SYSTEM32\IPHLPAPI.DLL
0x00007ff9ac720000 - 0x00007ff9ac728000 	C:\Windows\System32\NSI.dll
0x00007ff9a41c0000 - 0x00007ff9a41d6000 	C:\Windows\SYSTEM32\dhcpcsvc6.DLL
0x00007ff9a41a0000 - 0x00007ff9a41ba000 	C:\Windows\SYSTEM32\dhcpcsvc.DLL
0x00007ff9a96e0000 - 0x00007ff9a96f0000 	c:\Users\INDRI MELANI PUTRI\.vscode\extensions\redhat.java-1.25.0-win32-x64\jre\17.0.9-win32-x86_64\bin\verify.dll
0x00007ff9a8910000 - 0x00007ff9a8919000 	C:\Users\INDRI MELANI PUTRI\.vscode\extensions\redhat.java-1.25.0-win32-x64\jre\17.0.9-win32-x86_64\bin\management.dll
0x00007ff9a8900000 - 0x00007ff9a890b000 	C:\Users\INDRI MELANI PUTRI\.vscode\extensions\redhat.java-1.25.0-win32-x64\jre\17.0.9-win32-x86_64\bin\management_ext.dll
0x00007ff9aca20000 - 0x00007ff9aca28000 	C:\Windows\System32\PSAPI.DLL
0x00007ff9a72f0000 - 0x00007ff9a72fe000 	C:\Users\INDRI MELANI PUTRI\.vscode\extensions\redhat.java-1.25.0-win32-x64\jre\17.0.9-win32-x86_64\bin\sunmscapi.dll
0x00007ff9abee0000 - 0x00007ff9ac0a8000 	C:\Windows\System32\CRYPT32.dll
0x00007ff9ab1d0000 - 0x00007ff9ab1e0000 	C:\Windows\System32\MSASN1.dll
0x00007ff9aaca0000 - 0x00007ff9aacc6000 	C:\Windows\SYSTEM32\ncrypt.dll
0x00007ff9aac60000 - 0x00007ff9aac9b000 	C:\Windows\SYSTEM32\NTASN1.dll
0x00007ff9aa800000 - 0x00007ff9aa8a0000 	C:\Windows\SYSTEM32\DNSAPI.dll
0x00007ff99e4d0000 - 0x00007ff99e4da000 	C:\Windows\System32\rasadhlp.dll
0x00007ff9a0720000 - 0x00007ff9a078a000 	C:\Windows\System32\fwpuclnt.dll

dbghelp: loaded successfully - version: 4.0.5 - missing functions: none
symbol engine: initialized successfully - sym options: 0x614 - pdb path: .;c:\Users\INDRI MELANI PUTRI\.vscode\extensions\redhat.java-1.25.0-win32-x64\jre\17.0.9-win32-x86_64\bin;C:\Windows\SYSTEM32;C:\Windows\WinSxS\amd64_microsoft.windows.common-controls_6595b64144ccf1df_6.0.14393.0_none_2d0f50fcbdb171b8;c:\Users\INDRI MELANI PUTRI\.vscode\extensions\redhat.java-1.25.0-win32-x64\jre\17.0.9-win32-x86_64\bin\server

VM Arguments:
jvm_args: -XX:+HeapDumpOnOutOfMemoryError -Xmx1024m -Dsts.lsp.client=vscode -Dsts.log.file=/dev/null -XX:TieredStopAtLevel=1 -Xlog:jni+resolve=off -Dspring.config.location=file:c:\Users\INDRI MELANI PUTRI\.vscode\extensions\vmware.vscode-spring-boot-1.51.0\language-server\BOOT-INF\classes\application.properties 
java_command: org.springframework.ide.vscode.boot.app.BootLanguageServerBootApp
java_class_path (initial): c:\Users\INDRI MELANI PUTRI\.vscode\extensions\vmware.vscode-spring-boot-1.51.0\language-server\BOOT-INF\classes;c:\Users\INDRI MELANI PUTRI\.vscode\extensions\vmware.vscode-spring-boot-1.51.0\language-server\BOOT-INF\lib\annotations-24.1.0.jar;c:\Users\INDRI MELANI PUTRI\.vscode\extensions\vmware.vscode-spring-boot-1.51.0\language-server\BOOT-INF\lib\antlr-runtime-3.5.3.jar;c:\Users\INDRI MELANI PUTRI\.vscode\extensions\vmware.vscode-spring-boot-1.51.0\language-server\BOOT-INF\lib\antlr4-4.11.1.jar;c:\Users\INDRI MELANI PUTRI\.vscode\extensions\vmware.vscode-spring-boot-1.51.0\language-server\BOOT-INF\lib\antlr4-runtime-4.11.1.jar;c:\Users\INDRI MELANI PUTRI\.vscode\extensions\vmware.vscode-spring-boot-1.51.0\language-server\BOOT-INF\lib\asm-9.6.jar;c:\Users\INDRI MELANI PUTRI\.vscode\extensions\vmware.vscode-spring-boot-1.51.0\language-server\BOOT-INF\lib\asm-analysis-9.6.jar;c:\Users\INDRI MELANI PUTRI\.vscode\extensions\vmware.vscode-spring-boot-1.51.0\language-server\BOOT-INF\lib\asm-tree-9.6.jar;c:\Users\INDRI MELANI PUTRI\.vscode\extensions\vmware.vscode-spring-boot-1.51.0\language-server\BOOT-INF\lib\asm-util-9.6.jar;c:\Users\INDRI MELANI PUTRI\.vscode\extensions\vmware.vscode-spring-boot-1.51.0\language-server\BOOT-INF\lib\bosh-language-server-1.51.0-SNAPSHOT.jar;c:\Users\INDRI MELANI PUTRI\.vscode\extensions\vmware.vscode-spring-boot-1.51.0\language-server\BOOT-INF\lib\caffeine-3.1.8.jar;c:\Users\INDRI MELANI PUTRI\.vscode\extensions\vmware.vscode-spring-boot-1.51.0\language-server\BOOT-INF\lib\checker-qual-3.12.0.jar;c:\Users\INDRI MELANI PUTRI\.vscode\extensions\vmware.vscode-spring-boot-1.51.0\language-server\BOOT-INF\lib\classgraph-4.8.149.jar;c:\Users\INDRI MELANI PUTRI\.vscode\extensions\vmware.vscode-spring-boot-1.51.0\language-server\BOOT-INF\lib\commons-codec-1.15.jar;c:\Users\INDRI MELANI PUTRI\.vscode\extensions\vmware.vscode-spring-boot-1.51.0\language-server\BOOT-INF\lib\commons-compress-1.25.0.jar;c:\Users\INDRI M
Launcher Type: SUN_STANDARD

[Global flags]
     intx CICompilerCount                          = 2                                         {product} {ergonomic}
     uint ConcGCThreads                            = 1                                         {product} {ergonomic}
     uint G1ConcRefinementThreads                  = 2                                         {product} {ergonomic}
   size_t G1HeapRegionSize                         = 1048576                                   {product} {ergonomic}
    uintx GCDrainStackTargetSize                   = 64                                        {product} {ergonomic}
     bool HeapDumpOnOutOfMemoryError               = true                                   {manageable} {command line}
   size_t InitialHeapSize                          = 31457280                                  {product} {ergonomic}
   size_t MarkStackSize                            = 4194304                                   {product} {ergonomic}
   size_t MaxHeapSize                              = 1073741824                                {product} {command line}
   size_t MaxNewSize                               = 643825664                                 {product} {ergonomic}
   size_t MinHeapDeltaBytes                        = 1048576                                   {product} {ergonomic}
   size_t MinHeapSize                              = 8388608                                   {product} {ergonomic}
    uintx NonProfiledCodeHeapSize                  = 0                                      {pd product} {ergonomic}
     bool ProfileInterpreter                       = false                                  {pd product} {command line}
    uintx ProfiledCodeHeapSize                     = 0                                      {pd product} {ergonomic}
   size_t SoftMaxHeapSize                          = 1073741824                             {manageable} {ergonomic}
     intx TieredStopAtLevel                        = 1                                         {product} {command line}
     bool UseCompressedClassPointers               = true                           {product lp64_product} {ergonomic}
     bool UseCompressedOops                        = true                           {product lp64_product} {ergonomic}
     bool UseG1GC                                  = true                                      {product} {ergonomic}
     bool UseLargePagesIndividualAllocation        = false                                  {pd product} {ergonomic}

Logging:
Log output configuration:
 #0: stdout all=warning,jni+resolve=off uptime,level,tags
 #1: stderr all=off uptime,level,tags

Environment Variables:
JAVA_HOME=C:\Program Files\Java\jdk1.8.0_192
CLASSPATH=.;.;C:\PROGRA~2\JMF21~1.1E\lib\sound.jar;C:\PROGRA~2\JMF21~1.1E\lib\jmf.jar;C:\PROGRA~2\JMF21~1.1E\lib;
PATH=C:\Program Files\Eclipse Adoptium\jdk-17.0.8.101-hotspot\bin;C:\Program Files\Java\jdk1.8.0_192\bin;C:\Program Files (x86)\Common Files\Oracle\Java\javapath;C:\Program Files (x86)\Intel\TXE Components\TCS\;C:\Program Files\Intel\TXE Components\TCS\;C:\Windows\system32;C:\Windows;C:\Windows\System32\Wbem;C:\Windows\System32\WindowsPowerShell\v1.0\;C:\Program Files\Intel\TXE Components\DAL\;C:\Program Files (x86)\Intel\TXE Components\DAL\;C:\Program Files\Intel\TXE Components\IPT\;C:\Program Files\Java\jdk1.8.0_192;C:\Program Files (x86)\Intel\TXE Components\IPT\;C:\Program Files\Git\cmd;C:\OpenSSH-Win64;C:\Users\INDRI MELANI PUTRI\AppData\Local\Microsoft\WindowsApps;C:\Users\INDRI MELANI PUTRI\AppData\Roaming\Dashlane\6.1935.0.22811\bin\Firefox_Extension\{442718d9-475e-452a-b3e1-fb1ee16b8e9f}\components;C:\Users\INDRI MELANI PUTRI\AppData\Roaming\Dashlane\6.1935.0.22811\ucrt;C:\Users\INDRI MELANI PUTRI\AppData\Roaming\Dashlane\6.1935.0.22811\bin\Qt;C:\Users\INDRI MELANI PUTRI\AppData\Roaming\Dashlane\6.1935.0.22811\bin\Ssl;C:\Users\INDRI MELANI PUTRI\AppData\Local\Programs\Microsoft VS Code\bin
USERNAME=INDRI MELANI PUTRI
OS=Windows_NT
PROCESSOR_IDENTIFIER=Intel64 Family 6 Model 76 Stepping 3, GenuineIntel
TMP=C:\Users\INDRIM~1\AppData\Local\Temp
TEMP=C:\Users\INDRIM~1\AppData\Local\Temp



Periodic native trim disabled


---------------  S Y S T E M  ---------------

OS:
 Windows 10 , 64 bit Build 14393 (10.0.14393.0)
OS uptime: 0 days 9:26 hours

CPU: total 2 (initial active 2) (2 cores per cpu, 1 threads per core) family 6 model 76 stepping 3 microcode 0x353, cx8, cmov, fxsr, mmx, 3dnowpref, sse, sse2, sse3, ssse3, sse4.1, sse4.2, popcnt, tsc, tscinvbit, aes, erms, clmul, clflush
Processor Information for all 2 processors :
  Max Mhz: 1601, Current Mhz: 1601, Mhz Limit: 1601

Memory: 4k page, system-wide physical 1905M (149M free)
TotalPageFile size 7793M (AvailPageFile size 4M)
current process WorkingSet (physical memory assigned to process): 65M, peak: 238M
current process commit charge ("private bytes"): 264M, peak: 309M

vm_info: OpenJDK 64-Bit Server VM (17.0.9+9) for windows-amd64 JRE (17.0.9+9), built on Oct 26 2023 14:01:42 by "admin" with MS VC++ 16.10 / 16.11 (VS2019)

END.
